#
# A fatal error has been detected by the Java Runtime Environment:
#
#  EXCEPTION_ACCESS_VIOLATION (0xc0000005) at pc=0x0000000069ac298f, pid=18408, tid=3132
#
# JRE version: Java(TM) SE Runtime Environment (15.0.1+9) (build 15.0.1+9-18)
# Java VM: Java HotSpot(TM) 64-Bit Server VM (15.0.1+9-18, mixed mode, sharing, tiered, compressed oops, g1 gc, windows-amd64)
# Problematic frame:
# C  [jansi-2.1.0-63b57d029be2e49b-jansi.dll+0x298f]
#
# No core dump will be written. Minidumps are not enabled by default on client versions of Windows
#
# If you would like to submit a bug report, please visit:
#   https://bugreport.java.com/bugreport/crash.jsp
# The crash happened outside the Java Virtual Machine in native code.
# See problematic frame for where to report the bug.
#

---------------  S U M M A R Y ------------

Command Line: D:\Учоба\КН-31,Модуль1,Василиха Віталій,\Console BlackJeck\dist\Console_BlackJeck.jar

Host: Intel(R) Core(TM) i5-9300H CPU @ 2.40GHz, 8 cores, 15G,  Windows 10 , 64 bit Build 19041 (10.0.19041.1023)
Time: Sun Jun 13 00:25:16 2021 Финляндия (лето) elapsed time: 0.143939 seconds (0d 0h 0m 0s)

---------------  T H R E A D  ---------------

Current thread (0x0000029d2319bbe0):  JavaThread "main" [_thread_in_native, id=3132, stack(0x000000f913200000,0x000000f913300000)]

Stack: [0x000000f913200000,0x000000f913300000],  sp=0x000000f9132ff020,  free space=1020k
Native frames: (J=compiled Java code, j=interpreted, Vv=VM code, C=native code)
C  [jansi-2.1.0-63b57d029be2e49b-jansi.dll+0x298f]

Java frames: (J=compiled Java code, j=interpreted, Vv=VM code)
j  org.fusesource.jansi.internal.CLibrary.isatty(I)I+0
j  org.fusesource.jansi.AnsiConsole.ansiStream(Z)Lorg/fusesource/jansi/AnsiPrintStream;+56
j  org.fusesource.jansi.AnsiConsole.initStreams()V+7
j  org.fusesource.jansi.AnsiConsole.systemInstall()V+15
j  JeckBlack.Info.Animation()V+234
j  JeckBlack.Main.main([Ljava/lang/String;)V+0
v  ~StubRoutines::call_stub

siginfo: EXCEPTION_ACCESS_VIOLATION (0xc0000005), writing address 0x0000000000000000


Register to memory mapping:

RIP=0x0000000069ac298f jansi-2.1.0-63b57d029be2e49b-jansi.dll
RAX=0x0 is NULL
RBX={method} {0x0000029d48c2b598} 'isatty' '(I)I' in 'org/fusesource/jansi/internal/CLibrary'
RCX=0x0 is NULL
RDX=0x0000000069ac7362 jansi-2.1.0-63b57d029be2e49b-jansi.dll
RSP=0x000000f9132ff020 is pointing into the stack for thread: 0x0000029d2319bbe0
RBP=0x000000f9132ff4e8 is pointing into the stack for thread: 0x0000029d2319bbe0
RSI=0x0 is NULL
RDI=0x0000029d488634f8 is pointing into metadata
R8 =0x000000f9132ff018 is pointing into the stack for thread: 0x0000029d2319bbe0
R9 =0x000000f9132ff4e8 is pointing into the stack for thread: 0x0000029d2319bbe0
R10=0x0 is NULL
R11=0x0000000000000246 is an unknown value
R12=0x0 is NULL
R13={method} {0x0000029d48c2b598} 'isatty' '(I)I' in 'org/fusesource/jansi/internal/CLibrary'
R14=0x000000f9132ff508 is pointing into the stack for thread: 0x0000029d2319bbe0
R15=0x0000029d2319bbe0 is a thread


Registers:
RAX=0x0000000000000000, RBX=0x0000029d48c2b590, RCX=0x0000000000000000, RDX=0x0000000069ac7362
RSP=0x000000f9132ff020, RBP=0x000000f9132ff4e8, RSI=0x0000000000000000, RDI=0x0000029d488634f8
R8 =0x000000f9132ff018, R9 =0x000000f9132ff4e8, R10=0x0000000000000000, R11=0x0000000000000246
R12=0x0000000000000000, R13=0x0000029d48c2b590, R14=0x000000f9132ff508, R15=0x0000029d2319bbe0
RIP=0x0000000069ac298f, EFLAGS=0x0000000000010246

Top of Stack: (sp=0x000000f9132ff020)
0x000000f9132ff020:   0000029d48c2b590 00007ffff816d010
0x000000f9132ff030:   000000f9132ff4e8 0000000000000000
0x000000f9132ff040:   000000f9132ff05c 00007fff00000000
0x000000f9132ff050:   00000000ffffffff 0000001070a62bf0
0x000000f9132ff060:   0000000000000000 0000000000000000
0x000000f9132ff070:   0000029d48c2b590 0000029d2319bbe0
0x000000f9132ff080:   000000f9132ff250 00007fff708382e3
0x000000f9132ff090:   000000f9132ff370 0000029d2cb9cd00
0x000000f9132ff0a0:   00000000ffffffff 00007fff70804644
0x000000f9132ff0b0:   0000029d48c2b590 0000029d2319bbe0
0x000000f9132ff0c0:   00007fff70cd8c10 0000000000000000
0x000000f9132ff0d0:   000000f900000007 0000029d2cb7c216
0x000000f9132ff0e0:   0000029d48c2b590 000000f9132ff300
0x000000f9132ff0f0:   0000029d2cb7c216 00007fff70aec888
0x000000f9132ff100:   0000029d2cb9dd6c 000000000000000e
0x000000f9132ff110:   000000f9132ff250 00007fff706c3761 

Instructions: (pc=0x0000000069ac298f)
0x0000000069ac288f:   80 04 00 00 48 8b 54 24 28 48 8b 4c 24 20 41 b9
0x0000000069ac289f:   08 00 00 00 49 89 c0 48 89 d8 48 83 c4 30 5b 48
0x0000000069ac28af:   ff e0 e9 2c f7 ff ff 90 90 90 90 90 90 90 90 90
0x0000000069ac28bf:   90 41 54 48 81 ec 40 04 00 00 44 89 c1 ff 15 f2
0x0000000069ac28cf:   9a 00 00 49 89 c4 48 89 c1 ff 15 ce 99 00 00 83
0x0000000069ac28df:   f8 02 75 15 48 8d 54 24 40 4c 89 e1 ff 15 8b 99
0x0000000069ac28ef:   00 00 85 c0 e9 ba 00 00 00 48 83 3d 20 77 00 00
0x0000000069ac28ff:   00 75 14 48 8d 0d 37 4a 00 00 ff 15 e5 99 00 00
0x0000000069ac290f:   48 89 05 0a 77 00 00 48 8b 0d 03 77 00 00 48 85
0x0000000069ac291f:   c9 75 07 31 c0 e9 aa 00 00 00 48 83 3d f7 76 00
0x0000000069ac292f:   00 00 75 14 48 8d 15 1a 4a 00 00 ff 15 84 99 00
0x0000000069ac293f:   00 48 89 05 e1 76 00 00 48 8b 05 da 76 00 00 48
0x0000000069ac294f:   85 c0 74 cf 48 8d 54 24 3c 41 b9 fe 03 00 00 4c
0x0000000069ac295f:   8d 44 24 40 4c 89 e1 48 89 54 24 20 ba 01 00 00
0x0000000069ac296f:   00 ff d0 85 c0 75 ac 8b 44 24 40 4c 8b 64 24 48
0x0000000069ac297f:   48 8d 15 dc 49 00 00 66 d1 e8 4c 89 e1 0f b7 c0
0x0000000069ac298f:   66 41 c7 04 44 00 00 e8 75 27 00 00 48 85 c0 74
0x0000000069ac299f:   1a 48 8d 15 c7 49 00 00 4c 89 e1 e8 61 27 00 00
0x0000000069ac29af:   48 85 c0 0f 95 c0 0f b6 c0 eb 19 48 8d 15 b7 49
0x0000000069ac29bf:   00 00 4c 89 e1 e8 47 27 00 00 48 85 c0 75 d2 e9
0x0000000069ac29cf:   4f ff ff ff 48 81 c4 40 04 00 00 41 5c c3 90 90
0x0000000069ac29df:   90 41 54 48 83 ec 20 83 3d f3 7f 00 00 00 49 89
0x0000000069ac29ef:   cc 75 6b 48 8b 01 ff 90 f8 00 00 00 4c 8d 0d 8e
0x0000000069ac29ff:   49 00 00 4c 8d 05 89 49 00 00 4c 89 e1 48 89 c2
0x0000000069ac2a0f:   48 89 05 d2 7f 00 00 49 8b 04 24 ff 90 f0 02 00
0x0000000069ac2a1f:   00 48 8b 15 c1 7f 00 00 4c 8d 0d 6f 49 00 00 4c
0x0000000069ac2a2f:   89 e1 48 89 05 b8 7f 00 00 49 8b 04 24 4c 8d 05
0x0000000069ac2a3f:   5c 49 00 00 ff 90 f0 02 00 00 48 89 05 a8 7f 00
0x0000000069ac2a4f:   00 0f ae f0 c7 05 83 7f 00 00 01 00 00 00 48 83
0x0000000069ac2a5f:   c4 20 41 5c c3 41 56 41 55 41 54 48 83 ec 20 83
0x0000000069ac2a6f:   3d 6b 7f 00 00 00 49 89 cc 49 89 d6 4d 89 c5 75
0x0000000069ac2a7f:   05 e8 5b ff ff ff 49 8b 04 24 4c 89 f2 4c 89 e1 


Stack slot to memory mapping:
stack at sp + 0 slots: {method} {0x0000029d48c2b598} 'isatty' '(I)I' in 'org/fusesource/jansi/internal/CLibrary'
stack at sp + 1 slots: 0x00007ffff816d010 ntdll.dll
stack at sp + 2 slots: 0x000000f9132ff4e8 is pointing into the stack for thread: 0x0000029d2319bbe0
stack at sp + 3 slots: 0x0 is NULL
stack at sp + 4 slots: 0x000000f9132ff05c is pointing into the stack for thread: 0x0000029d2319bbe0
stack at sp + 5 slots: 0x00007fff00000000 is an unknown value
stack at sp + 6 slots: 0x00000000ffffffff is an unknown value
stack at sp + 7 slots: 0x0000001070a62bf0 is an unknown value


---------------  P R O C E S S  ---------------

Threads class SMR info:
_java_thread_list=0x0000029d4917dca0, length=11, elements={
0x0000029d2319bbe0, 0x0000029d487ae220, 0x0000029d487b25b0, 0x0000029d487c4900,
0x0000029d487c53b0, 0x0000029d487c6600, 0x0000029d487ca880, 0x0000029d487cb370,
0x0000029d487e3310, 0x0000029d4917a610, 0x0000029d4919fa60
}

Java Threads: ( => current thread )
=>0x0000029d2319bbe0 JavaThread "main" [_thread_in_native, id=3132, stack(0x000000f913200000,0x000000f913300000)]
  0x0000029d487ae220 JavaThread "Reference Handler" daemon [_thread_blocked, id=3232, stack(0x000000f913900000,0x000000f913a00000)]
  0x0000029d487b25b0 JavaThread "Finalizer" daemon [_thread_blocked, id=11776, stack(0x000000f913a00000,0x000000f913b00000)]
  0x0000029d487c4900 JavaThread "Signal Dispatcher" daemon [_thread_blocked, id=13672, stack(0x000000f913b00000,0x000000f913c00000)]
  0x0000029d487c53b0 JavaThread "Attach Listener" daemon [_thread_blocked, id=11280, stack(0x000000f913c00000,0x000000f913d00000)]
  0x0000029d487c6600 JavaThread "Service Thread" daemon [_thread_blocked, id=1668, stack(0x000000f913d00000,0x000000f913e00000)]
  0x0000029d487ca880 JavaThread "C2 CompilerThread0" daemon [_thread_blocked, id=1152, stack(0x000000f913e00000,0x000000f913f00000)]
  0x0000029d487cb370 JavaThread "C1 CompilerThread0" daemon [_thread_blocked, id=12840, stack(0x000000f913f00000,0x000000f914000000)]
  0x0000029d487e3310 JavaThread "Sweeper thread" daemon [_thread_blocked, id=14912, stack(0x000000f914000000,0x000000f914100000)]
  0x0000029d4917a610 JavaThread "Notification Thread" daemon [_thread_blocked, id=13680, stack(0x000000f914100000,0x000000f914200000)]
  0x0000029d4919fa60 JavaThread "Common-Cleaner" daemon [_thread_blocked, id=18184, stack(0x000000f914300000,0x000000f914400000)]

Other Threads:
  0x0000029d487ac200 VMThread "VM Thread" [stack: 0x000000f913800000,0x000000f913900000] [id=3956]
  0x0000029d49186b20 WatcherThread [stack: 0x000000f914200000,0x000000f914300000] [id=10676]
  0x0000029d231ebc70 GCTaskThread "GC Thread#0" [stack: 0x000000f913300000,0x000000f913400000] [id=9416]
  0x0000029d231fe530 ConcurrentGCThread "G1 Main Marker" [stack: 0x000000f913400000,0x000000f913500000] [id=17440]
  0x0000029d23200130 ConcurrentGCThread "G1 Conc#0" [stack: 0x000000f913500000,0x000000f913600000] [id=12644]
  0x0000029d2323e5c0 ConcurrentGCThread "G1 Refine#0" [stack: 0x000000f913600000,0x000000f913700000] [id=12304]
  0x0000029d486a83d0 ConcurrentGCThread "G1 Young RemSet Sampling" [stack: 0x000000f913700000,0x000000f913800000] [id=8848]

Threads with active compile tasks:

VM state: not at safepoint (normal execution)

VM Mutex/Monitor currently owned by a thread: None

Heap address: 0x0000000701c00000, size: 4068 MB, Compressed Oops mode: Zero based, Oop shift amount: 3
CDS archive(s) mapped at: [0x0000000800000000-0x0000000800b50000-0x0000000800b50000), size 11862016, SharedBaseAddress: 0x0000000800000000, ArchiveRelocationMode: 0.
Compressed class space mapped at: 0x0000000800b50000-0x0000000840b50000, size: 1073741824
Narrow klass base: 0x0000000800000000, Narrow klass shift: 3, Narrow klass range: 0x100000000

GC Precious Log:
 CPUs: 8 total, 8 available
 Memory: 16264M
 Large Page Support: Disabled
 NUMA Support: Disabled
 Compressed Oops: Enabled (Zero based)
 Heap Region Size: 2M
 Heap Min Capacity: 8M
 Heap Initial Capacity: 256M
 Heap Max Capacity: 4068M
 Pre-touch: Disabled
 Parallel Workers: 8
 Concurrent Workers: 2
 Concurrent Refinement Workers: 8
 Periodic GC: Disabled

Heap:
 garbage-first heap   total 262144K, used 2048K [0x0000000701c00000, 0x0000000800000000)
  region size 2048K, 2 young (4096K), 0 survivors (0K)
 Metaspace       used 946K, capacity 4766K, committed 4864K, reserved 1056768K
  class space    used 89K, capacity 435K, committed 512K, reserved 1048576K

Heap Regions: E=young(eden), S=young(survivor), O=old, HS=humongous(starts), HC=humongous(continues), CS=collection set, F=free, OA=open archive, CA=closed archive, TAMS=top-at-mark-start (previous, next)
|   0|0x0000000701c00000, 0x0000000701c00000, 0x0000000701e00000|  0%| F|  |TAMS 0x0000000701c00000, 0x0000000701c00000| Untracked 
|   1|0x0000000701e00000, 0x0000000701e00000, 0x0000000702000000|  0%| F|  |TAMS 0x0000000701e00000, 0x0000000701e00000| Untracked 
|   2|0x0000000702000000, 0x0000000702000000, 0x0000000702200000|  0%| F|  |TAMS 0x0000000702000000, 0x0000000702000000| Untracked 
|   3|0x0000000702200000, 0x0000000702200000, 0x0000000702400000|  0%| F|  |TAMS 0x0000000702200000, 0x0000000702200000| Untracked 
|   4|0x0000000702400000, 0x0000000702400000, 0x0000000702600000|  0%| F|  |TAMS 0x0000000702400000, 0x0000000702400000| Untracked 
|   5|0x0000000702600000, 0x0000000702600000, 0x0000000702800000|  0%| F|  |TAMS 0x0000000702600000, 0x0000000702600000| Untracked 
|   6|0x0000000702800000, 0x0000000702800000, 0x0000000702a00000|  0%| F|  |TAMS 0x0000000702800000, 0x0000000702800000| Untracked 
|   7|0x0000000702a00000, 0x0000000702a00000, 0x0000000702c00000|  0%| F|  |TAMS 0x0000000702a00000, 0x0000000702a00000| Untracked 
|   8|0x0000000702c00000, 0x0000000702c00000, 0x0000000702e00000|  0%| F|  |TAMS 0x0000000702c00000, 0x0000000702c00000| Untracked 
|   9|0x0000000702e00000, 0x0000000702e00000, 0x0000000703000000|  0%| F|  |TAMS 0x0000000702e00000, 0x0000000702e00000| Untracked 
|  10|0x0000000703000000, 0x0000000703000000, 0x0000000703200000|  0%| F|  |TAMS 0x0000000703000000, 0x0000000703000000| Untracked 
|  11|0x0000000703200000, 0x0000000703200000, 0x0000000703400000|  0%| F|  |TAMS 0x0000000703200000, 0x0000000703200000| Untracked 
|  12|0x0000000703400000, 0x0000000703400000, 0x0000000703600000|  0%| F|  |TAMS 0x0000000703400000, 0x0000000703400000| Untracked 
|  13|0x0000000703600000, 0x0000000703600000, 0x0000000703800000|  0%| F|  |TAMS 0x0000000703600000, 0x0000000703600000| Untracked 
|  14|0x0000000703800000, 0x0000000703800000, 0x0000000703a00000|  0%| F|  |TAMS 0x0000000703800000, 0x0000000703800000| Untracked 
|  15|0x0000000703a00000, 0x0000000703a00000, 0x0000000703c00000|  0%| F|  |TAMS 0x0000000703a00000, 0x0000000703a00000| Untracked 
|  16|0x0000000703c00000, 0x0000000703c00000, 0x0000000703e00000|  0%| F|  |TAMS 0x0000000703c00000, 0x0000000703c00000| Untracked 
|  17|0x0000000703e00000, 0x0000000703e00000, 0x0000000704000000|  0%| F|  |TAMS 0x0000000703e00000, 0x0000000703e00000| Untracked 
|  18|0x0000000704000000, 0x0000000704000000, 0x0000000704200000|  0%| F|  |TAMS 0x0000000704000000, 0x0000000704000000| Untracked 
|  19|0x0000000704200000, 0x0000000704200000, 0x0000000704400000|  0%| F|  |TAMS 0x0000000704200000, 0x0000000704200000| Untracked 
|  20|0x0000000704400000, 0x0000000704400000, 0x0000000704600000|  0%| F|  |TAMS 0x0000000704400000, 0x0000000704400000| Untracked 
|  21|0x0000000704600000, 0x0000000704600000, 0x0000000704800000|  0%| F|  |TAMS 0x0000000704600000, 0x0000000704600000| Untracked 
|  22|0x0000000704800000, 0x0000000704800000, 0x0000000704a00000|  0%| F|  |TAMS 0x0000000704800000, 0x0000000704800000| Untracked 
|  23|0x0000000704a00000, 0x0000000704a00000, 0x0000000704c00000|  0%| F|  |TAMS 0x0000000704a00000, 0x0000000704a00000| Untracked 
|  24|0x0000000704c00000, 0x0000000704c00000, 0x0000000704e00000|  0%| F|  |TAMS 0x0000000704c00000, 0x0000000704c00000| Untracked 
|  25|0x0000000704e00000, 0x0000000704e00000, 0x0000000705000000|  0%| F|  |TAMS 0x0000000704e00000, 0x0000000704e00000| Untracked 
|  26|0x0000000705000000, 0x0000000705000000, 0x0000000705200000|  0%| F|  |TAMS 0x0000000705000000, 0x0000000705000000| Untracked 
|  27|0x0000000705200000, 0x0000000705200000, 0x0000000705400000|  0%| F|  |TAMS 0x0000000705200000, 0x0000000705200000| Untracked 
|  28|0x0000000705400000, 0x0000000705400000, 0x0000000705600000|  0%| F|  |TAMS 0x0000000705400000, 0x0000000705400000| Untracked 
|  29|0x0000000705600000, 0x0000000705600000, 0x0000000705800000|  0%| F|  |TAMS 0x0000000705600000, 0x0000000705600000| Untracked 
|  30|0x0000000705800000, 0x0000000705800000, 0x0000000705a00000|  0%| F|  |TAMS 0x0000000705800000, 0x0000000705800000| Untracked 
|  31|0x0000000705a00000, 0x0000000705a00000, 0x0000000705c00000|  0%| F|  |TAMS 0x0000000705a00000, 0x0000000705a00000| Untracked 
|  32|0x0000000705c00000, 0x0000000705c00000, 0x0000000705e00000|  0%| F|  |TAMS 0x0000000705c00000, 0x0000000705c00000| Untracked 
|  33|0x0000000705e00000, 0x0000000705e00000, 0x0000000706000000|  0%| F|  |TAMS 0x0000000705e00000, 0x0000000705e00000| Untracked 
|  34|0x0000000706000000, 0x0000000706000000, 0x0000000706200000|  0%| F|  |TAMS 0x0000000706000000, 0x0000000706000000| Untracked 
|  35|0x0000000706200000, 0x0000000706200000, 0x0000000706400000|  0%| F|  |TAMS 0x0000000706200000, 0x0000000706200000| Untracked 
|  36|0x0000000706400000, 0x0000000706400000, 0x0000000706600000|  0%| F|  |TAMS 0x0000000706400000, 0x0000000706400000| Untracked 
|  37|0x0000000706600000, 0x0000000706600000, 0x0000000706800000|  0%| F|  |TAMS 0x0000000706600000, 0x0000000706600000| Untracked 
|  38|0x0000000706800000, 0x0000000706800000, 0x0000000706a00000|  0%| F|  |TAMS 0x0000000706800000, 0x0000000706800000| Untracked 
|  39|0x0000000706a00000, 0x0000000706a00000, 0x0000000706c00000|  0%| F|  |TAMS 0x0000000706a00000, 0x0000000706a00000| Untracked 
|  40|0x0000000706c00000, 0x0000000706c00000, 0x0000000706e00000|  0%| F|  |TAMS 0x0000000706c00000, 0x0000000706c00000| Untracked 
|  41|0x0000000706e00000, 0x0000000706e00000, 0x0000000707000000|  0%| F|  |TAMS 0x0000000706e00000, 0x0000000706e00000| Untracked 
|  42|0x0000000707000000, 0x0000000707000000, 0x0000000707200000|  0%| F|  |TAMS 0x0000000707000000, 0x0000000707000000| Untracked 
|  43|0x0000000707200000, 0x0000000707200000, 0x0000000707400000|  0%| F|  |TAMS 0x0000000707200000, 0x0000000707200000| Untracked 
|  44|0x0000000707400000, 0x0000000707400000, 0x0000000707600000|  0%| F|  |TAMS 0x0000000707400000, 0x0000000707400000| Untracked 
|  45|0x0000000707600000, 0x0000000707600000, 0x0000000707800000|  0%| F|  |TAMS 0x0000000707600000, 0x0000000707600000| Untracked 
|  46|0x0000000707800000, 0x0000000707800000, 0x0000000707a00000|  0%| F|  |TAMS 0x0000000707800000, 0x0000000707800000| Untracked 
|  47|0x0000000707a00000, 0x0000000707a00000, 0x0000000707c00000|  0%| F|  |TAMS 0x0000000707a00000, 0x0000000707a00000| Untracked 
|  48|0x0000000707c00000, 0x0000000707c00000, 0x0000000707e00000|  0%| F|  |TAMS 0x0000000707c00000, 0x0000000707c00000| Untracked 
|  49|0x0000000707e00000, 0x0000000707e00000, 0x0000000708000000|  0%| F|  |TAMS 0x0000000707e00000, 0x0000000707e00000| Untracked 
|  50|0x0000000708000000, 0x0000000708000000, 0x0000000708200000|  0%| F|  |TAMS 0x0000000708000000, 0x0000000708000000| Untracked 
|  51|0x0000000708200000, 0x0000000708200000, 0x0000000708400000|  0%| F|  |TAMS 0x0000000708200000, 0x0000000708200000| Untracked 
|  52|0x0000000708400000, 0x0000000708400000, 0x0000000708600000|  0%| F|  |TAMS 0x0000000708400000, 0x0000000708400000| Untracked 
|  53|0x0000000708600000, 0x0000000708600000, 0x0000000708800000|  0%| F|  |TAMS 0x0000000708600000, 0x0000000708600000| Untracked 
|  54|0x0000000708800000, 0x0000000708800000, 0x0000000708a00000|  0%| F|  |TAMS 0x0000000708800000, 0x0000000708800000| Untracked 
|  55|0x0000000708a00000, 0x0000000708a00000, 0x0000000708c00000|  0%| F|  |TAMS 0x0000000708a00000, 0x0000000708a00000| Untracked 
|  56|0x0000000708c00000, 0x0000000708c00000, 0x0000000708e00000|  0%| F|  |TAMS 0x0000000708c00000, 0x0000000708c00000| Untracked 
|  57|0x0000000708e00000, 0x0000000708e00000, 0x0000000709000000|  0%| F|  |TAMS 0x0000000708e00000, 0x0000000708e00000| Untracked 
|  58|0x0000000709000000, 0x0000000709000000, 0x0000000709200000|  0%| F|  |TAMS 0x0000000709000000, 0x0000000709000000| Untracked 
|  59|0x0000000709200000, 0x0000000709200000, 0x0000000709400000|  0%| F|  |TAMS 0x0000000709200000, 0x0000000709200000| Untracked 
|  60|0x0000000709400000, 0x0000000709400000, 0x0000000709600000|  0%| F|  |TAMS 0x0000000709400000, 0x0000000709400000| Untracked 
|  61|0x0000000709600000, 0x0000000709600000, 0x0000000709800000|  0%| F|  |TAMS 0x0000000709600000, 0x0000000709600000| Untracked 
|  62|0x0000000709800000, 0x0000000709800000, 0x0000000709a00000|  0%| F|  |TAMS 0x0000000709800000, 0x0000000709800000| Untracked 
|  63|0x0000000709a00000, 0x0000000709a00000, 0x0000000709c00000|  0%| F|  |TAMS 0x0000000709a00000, 0x0000000709a00000| Untracked 
|  64|0x0000000709c00000, 0x0000000709c00000, 0x0000000709e00000|  0%| F|  |TAMS 0x0000000709c00000, 0x0000000709c00000| Untracked 
|  65|0x0000000709e00000, 0x0000000709e00000, 0x000000070a000000|  0%| F|  |TAMS 0x0000000709e00000, 0x0000000709e00000| Untracked 
|  66|0x000000070a000000, 0x000000070a000000, 0x000000070a200000|  0%| F|  |TAMS 0x000000070a000000, 0x000000070a000000| Untracked 
|  67|0x000000070a200000, 0x000000070a200000, 0x000000070a400000|  0%| F|  |TAMS 0x000000070a200000, 0x000000070a200000| Untracked 
|  68|0x000000070a400000, 0x000000070a400000, 0x000000070a600000|  0%| F|  |TAMS 0x000000070a400000, 0x000000070a400000| Untracked 
|  69|0x000000070a600000, 0x000000070a600000, 0x000000070a800000|  0%| F|  |TAMS 0x000000070a600000, 0x000000070a600000| Untracked 
|  70|0x000000070a800000, 0x000000070a800000, 0x000000070aa00000|  0%| F|  |TAMS 0x000000070a800000, 0x000000070a800000| Untracked 
|  71|0x000000070aa00000, 0x000000070aa00000, 0x000000070ac00000|  0%| F|  |TAMS 0x000000070aa00000, 0x000000070aa00000| Untracked 
|  72|0x000000070ac00000, 0x000000070ac00000, 0x000000070ae00000|  0%| F|  |TAMS 0x000000070ac00000, 0x000000070ac00000| Untracked 
|  73|0x000000070ae00000, 0x000000070ae00000, 0x000000070b000000|  0%| F|  |TAMS 0x000000070ae00000, 0x000000070ae00000| Untracked 
|  74|0x000000070b000000, 0x000000070b000000, 0x000000070b200000|  0%| F|  |TAMS 0x000000070b000000, 0x000000070b000000| Untracked 
|  75|0x000000070b200000, 0x000000070b200000, 0x000000070b400000|  0%| F|  |TAMS 0x000000070b200000, 0x000000070b200000| Untracked 
|  76|0x000000070b400000, 0x000000070b400000, 0x000000070b600000|  0%| F|  |TAMS 0x000000070b400000, 0x000000070b400000| Untracked 
|  77|0x000000070b600000, 0x000000070b600000, 0x000000070b800000|  0%| F|  |TAMS 0x000000070b600000, 0x000000070b600000| Untracked 
|  78|0x000000070b800000, 0x000000070b800000, 0x000000070ba00000|  0%| F|  |TAMS 0x000000070b800000, 0x000000070b800000| Untracked 
|  79|0x000000070ba00000, 0x000000070ba00000, 0x000000070bc00000|  0%| F|  |TAMS 0x000000070ba00000, 0x000000070ba00000| Untracked 
|  80|0x000000070bc00000, 0x000000070bc00000, 0x000000070be00000|  0%| F|  |TAMS 0x000000070bc00000, 0x000000070bc00000| Untracked 
|  81|0x000000070be00000, 0x000000070be00000, 0x000000070c000000|  0%| F|  |TAMS 0x000000070be00000, 0x000000070be00000| Untracked 
|  82|0x000000070c000000, 0x000000070c000000, 0x000000070c200000|  0%| F|  |TAMS 0x000000070c000000, 0x000000070c000000| Untracked 
|  83|0x000000070c200000, 0x000000070c200000, 0x000000070c400000|  0%| F|  |TAMS 0x000000070c200000, 0x000000070c200000| Untracked 
|  84|0x000000070c400000, 0x000000070c400000, 0x000000070c600000|  0%| F|  |TAMS 0x000000070c400000, 0x000000070c400000| Untracked 
|  85|0x000000070c600000, 0x000000070c600000, 0x000000070c800000|  0%| F|  |TAMS 0x000000070c600000, 0x000000070c600000| Untracked 
|  86|0x000000070c800000, 0x000000070c800000, 0x000000070ca00000|  0%| F|  |TAMS 0x000000070c800000, 0x000000070c800000| Untracked 
|  87|0x000000070ca00000, 0x000000070ca00000, 0x000000070cc00000|  0%| F|  |TAMS 0x000000070ca00000, 0x000000070ca00000| Untracked 
|  88|0x000000070cc00000, 0x000000070cc00000, 0x000000070ce00000|  0%| F|  |TAMS 0x000000070cc00000, 0x000000070cc00000| Untracked 
|  89|0x000000070ce00000, 0x000000070ce00000, 0x000000070d000000|  0%| F|  |TAMS 0x000000070ce00000, 0x000000070ce00000| Untracked 
|  90|0x000000070d000000, 0x000000070d000000, 0x000000070d200000|  0%| F|  |TAMS 0x000000070d000000, 0x000000070d000000| Untracked 
|  91|0x000000070d200000, 0x000000070d200000, 0x000000070d400000|  0%| F|  |TAMS 0x000000070d200000, 0x000000070d200000| Untracked 
|  92|0x000000070d400000, 0x000000070d400000, 0x000000070d600000|  0%| F|  |TAMS 0x000000070d400000, 0x000000070d400000| Untracked 
|  93|0x000000070d600000, 0x000000070d600000, 0x000000070d800000|  0%| F|  |TAMS 0x000000070d600000, 0x000000070d600000| Untracked 
|  94|0x000000070d800000, 0x000000070d800000, 0x000000070da00000|  0%| F|  |TAMS 0x000000070d800000, 0x000000070d800000| Untracked 
|  95|0x000000070da00000, 0x000000070da00000, 0x000000070dc00000|  0%| F|  |TAMS 0x000000070da00000, 0x000000070da00000| Untracked 
|  96|0x000000070dc00000, 0x000000070dc00000, 0x000000070de00000|  0%| F|  |TAMS 0x000000070dc00000, 0x000000070dc00000| Untracked 
|  97|0x000000070de00000, 0x000000070de00000, 0x000000070e000000|  0%| F|  |TAMS 0x000000070de00000, 0x000000070de00000| Untracked 
|  98|0x000000070e000000, 0x000000070e000000, 0x000000070e200000|  0%| F|  |TAMS 0x000000070e000000, 0x000000070e000000| Untracked 
|  99|0x000000070e200000, 0x000000070e200000, 0x000000070e400000|  0%| F|  |TAMS 0x000000070e200000, 0x000000070e200000| Untracked 
| 100|0x000000070e400000, 0x000000070e400000, 0x000000070e600000|  0%| F|  |TAMS 0x000000070e400000, 0x000000070e400000| Untracked 
| 101|0x000000070e600000, 0x000000070e600000, 0x000000070e800000|  0%| F|  |TAMS 0x000000070e600000, 0x000000070e600000| Untracked 
| 102|0x000000070e800000, 0x000000070e800000, 0x000000070ea00000|  0%| F|  |TAMS 0x000000070e800000, 0x000000070e800000| Untracked 
| 103|0x000000070ea00000, 0x000000070ea00000, 0x000000070ec00000|  0%| F|  |TAMS 0x000000070ea00000, 0x000000070ea00000| Untracked 
| 104|0x000000070ec00000, 0x000000070ec00000, 0x000000070ee00000|  0%| F|  |TAMS 0x000000070ec00000, 0x000000070ec00000| Untracked 
| 105|0x000000070ee00000, 0x000000070ee00000, 0x000000070f000000|  0%| F|  |TAMS 0x000000070ee00000, 0x000000070ee00000| Untracked 
| 106|0x000000070f000000, 0x000000070f000000, 0x000000070f200000|  0%| F|  |TAMS 0x000000070f000000, 0x000000070f000000| Untracked 
| 107|0x000000070f200000, 0x000000070f200000, 0x000000070f400000|  0%| F|  |TAMS 0x000000070f200000, 0x000000070f200000| Untracked 
| 108|0x000000070f400000, 0x000000070f400000, 0x000000070f600000|  0%| F|  |TAMS 0x000000070f400000, 0x000000070f400000| Untracked 
| 109|0x000000070f600000, 0x000000070f600000, 0x000000070f800000|  0%| F|  |TAMS 0x000000070f600000, 0x000000070f600000| Untracked 
| 110|0x000000070f800000, 0x000000070f800000, 0x000000070fa00000|  0%| F|  |TAMS 0x000000070f800000, 0x000000070f800000| Untracked 
| 111|0x000000070fa00000, 0x000000070fa00000, 0x000000070fc00000|  0%| F|  |TAMS 0x000000070fa00000, 0x000000070fa00000| Untracked 
| 112|0x000000070fc00000, 0x000000070fc00000, 0x000000070fe00000|  0%| F|  |TAMS 0x000000070fc00000, 0x000000070fc00000| Untracked 
| 113|0x000000070fe00000, 0x000000070fe00000, 0x0000000710000000|  0%| F|  |TAMS 0x000000070fe00000, 0x000000070fe00000| Untracked 
| 114|0x0000000710000000, 0x0000000710000000, 0x0000000710200000|  0%| F|  |TAMS 0x0000000710000000, 0x0000000710000000| Untracked 
| 115|0x0000000710200000, 0x0000000710200000, 0x0000000710400000|  0%| F|  |TAMS 0x0000000710200000, 0x0000000710200000| Untracked 
| 116|0x0000000710400000, 0x0000000710400000, 0x0000000710600000|  0%| F|  |TAMS 0x0000000710400000, 0x0000000710400000| Untracked 
| 117|0x0000000710600000, 0x0000000710600000, 0x0000000710800000|  0%| F|  |TAMS 0x0000000710600000, 0x0000000710600000| Untracked 
| 118|0x0000000710800000, 0x0000000710800000, 0x0000000710a00000|  0%| F|  |TAMS 0x0000000710800000, 0x0000000710800000| Untracked 
| 119|0x0000000710a00000, 0x0000000710a00000, 0x0000000710c00000|  0%| F|  |TAMS 0x0000000710a00000, 0x0000000710a00000| Untracked 
| 120|0x0000000710c00000, 0x0000000710c00000, 0x0000000710e00000|  0%| F|  |TAMS 0x0000000710c00000, 0x0000000710c00000| Untracked 
| 121|0x0000000710e00000, 0x0000000710e00000, 0x0000000711000000|  0%| F|  |TAMS 0x0000000710e00000, 0x0000000710e00000| Untracked 
| 122|0x0000000711000000, 0x0000000711000000, 0x0000000711200000|  0%| F|  |TAMS 0x0000000711000000, 0x0000000711000000| Untracked 
| 123|0x0000000711200000, 0x0000000711200000, 0x0000000711400000|  0%| F|  |TAMS 0x0000000711200000, 0x0000000711200000| Untracked 
| 124|0x0000000711400000, 0x0000000711400000, 0x0000000711600000|  0%| F|  |TAMS 0x0000000711400000, 0x0000000711400000| Untracked 
| 125|0x0000000711600000, 0x0000000711600000, 0x0000000711800000|  0%| F|  |TAMS 0x0000000711600000, 0x0000000711600000| Untracked 
| 126|0x0000000711800000, 0x00000007118e34b8, 0x0000000711a00000| 44%| E|  |TAMS 0x0000000711800000, 0x0000000711800000| Complete 
| 127|0x0000000711a00000, 0x0000000711c00000, 0x0000000711c00000|100%| E|CS|TAMS 0x0000000711a00000, 0x0000000711a00000| Complete 

Card table byte_map: [0x0000029d3cde0000,0x0000029d3d5e0000] _byte_map_base: 0x0000029d395d2000

Marking Bits (Prev, Next): (CMBitMap*) 0x0000029d231ec4e0, (CMBitMap*) 0x0000029d231ec520
 Prev Bits: [0x0000029d3dde0000, 0x0000029d41d70000)
 Next Bits: [0x0000029d41d70000, 0x0000029d45d00000)

Polling page: 0x0000029d23240000

Metaspace:

Usage:
  Non-class:      4.23 MB capacity,   856.47 KB ( 20%) used,     3.39 MB ( 80%) free+waste,     1.81 KB ( <1%) overhead. 
      Class:    435.00 KB capacity,    89.78 KB ( 21%) used,   344.22 KB ( 79%) free+waste,     1.00 KB ( <1%) overhead. 
       Both:      4.65 MB capacity,   946.25 KB ( 20%) used,     3.73 MB ( 80%) free+waste,     2.81 KB ( <1%) overhead. 

Virtual space:
  Non-class space:        8.00 MB reserved,       4.25 MB ( 53%) committed 
      Class space:        1.00 GB reserved,     512.00 KB ( <1%) committed 
             Both:        1.01 GB reserved,       4.75 MB ( <1%) committed 

Chunk freelists:
   Non-Class:  21.00 KB
       Class:  13.00 KB
        Both:  34.00 KB

MaxMetaspaceSize: 17179869184.00 GB
CompressedClassSpaceSize: 1.00 GB

CodeHeap 'non-profiled nmethods': size=120000Kb used=88Kb max_used=88Kb free=119911Kb
 bounds [0x0000029d34640000, 0x0000029d348b0000, 0x0000029d3bb70000]
CodeHeap 'profiled nmethods': size=120000Kb used=352Kb max_used=352Kb free=119648Kb
 bounds [0x0000029d2d110000, 0x0000029d2d380000, 0x0000029d34640000]
CodeHeap 'non-nmethods': size=5760Kb used=1123Kb max_used=1136Kb free=4637Kb
 bounds [0x0000029d2cb70000, 0x0000029d2cde0000, 0x0000029d2d110000]
 total_blobs=666 nmethods=300 adapters=279
 compilation: enabled
              stopped_count=0, restarted_count=0
 full_count=0

Compilation events (20 events):
Event: 0.106 Thread 0x0000029d487cb370  290       1       java.util.zip.Inflater$InflaterZStreamRef::address (5 bytes)
Event: 0.106 Thread 0x0000029d487cb370 nmethod 290 0x0000029d34655310 code [0x0000029d346554a0, 0x0000029d34655558]
Event: 0.106 Thread 0x0000029d487ca880  291       4       java.lang.CharacterDataLatin1::getProperties (11 bytes)
Event: 0.106 Thread 0x0000029d487cb370  292       3       sun.nio.cs.UTF_8$Decoder::isNotContinuation (17 bytes)
Event: 0.106 Thread 0x0000029d487cb370 nmethod 292 0x0000029d2d166110 code [0x0000029d2d1662a0, 0x0000029d2d1663d8]
Event: 0.106 Thread 0x0000029d487ca880 nmethod 291 0x0000029d34655610 code [0x0000029d34655780, 0x0000029d34655818]
Event: 0.107 Thread 0x0000029d487cb370  293       3       java.util.Objects::requireNonNull (15 bytes)
Event: 0.107 Thread 0x0000029d487cb370 nmethod 293 0x0000029d2d166490 code [0x0000029d2d166640, 0x0000029d2d166828]
Event: 0.110 Thread 0x0000029d487cb370  294       3       java.lang.String::lastIndexOf (29 bytes)
Event: 0.111 Thread 0x0000029d487cb370 nmethod 294 0x0000029d2d166910 code [0x0000029d2d166ae0, 0x0000029d2d166d78]
Event: 0.111 Thread 0x0000029d487cb370  295       3       java.nio.ByteBuffer::arrayOffset (35 bytes)
Event: 0.111 Thread 0x0000029d487ca880  297       4       java.lang.String::checkIndex (48 bytes)
Event: 0.111 Thread 0x0000029d487cb370 nmethod 295 0x0000029d2d166e90 code [0x0000029d2d167060, 0x0000029d2d1672d8]
Event: 0.111 Thread 0x0000029d487cb370  296       3       java.nio.CharBuffer::arrayOffset (35 bytes)
Event: 0.111 Thread 0x0000029d487cb370 nmethod 296 0x0000029d2d167410 code [0x0000029d2d1675e0, 0x0000029d2d167858]
Event: 0.111 Thread 0x0000029d487cb370  299       3       jdk.internal.misc.Unsafe::getLongUnaligned (173 bytes)
Event: 0.111 Thread 0x0000029d487ca880 nmethod 297 0x0000029d34655d10 code [0x0000029d34655e80, 0x0000029d34655ef8]
Event: 0.111 Thread 0x0000029d487cb370 nmethod 299 0x0000029d2d167990 code [0x0000029d2d167b60, 0x0000029d2d167f28]
Event: 0.112 Thread 0x0000029d487ca880  300       4       jdk.internal.misc.Unsafe::getLongUnaligned (173 bytes)
Event: 0.112 Thread 0x0000029d487ca880 nmethod 300 0x0000029d34656010 code [0x0000029d34656180, 0x0000029d34656238]

GC Heap History (0 events):
No events

Deoptimization events (4 events):
Event: 0.048 Thread 0x0000029d2319bbe0 Uncommon trap: trap_request=0xffffff45 fr.pc=0x0000029d346444f8 relative=0x0000000000000258
Event: 0.048 Thread 0x0000029d2319bbe0 Uncommon trap: reason=unstable_if action=reinterpret pc=0x0000029d346444f8 method=java.lang.String.hashCode()I @ 20 c2
Event: 0.048 Thread 0x0000029d2319bbe0 DEOPT PACKING pc=0x0000029d346444f8 sp=0x000000f9132feff0
Event: 0.048 Thread 0x0000029d2319bbe0 DEOPT UNPACKING pc=0x0000029d2cbbe42f sp=0x000000f9132fef88 mode 2

Classes unloaded (0 events):
No events

Classes redefined (0 events):
No events

Internal exceptions (1 events):
Event: 0.071 Thread 0x0000029d2319bbe0 Exception <a 'java/lang/NullPointerException'{0x0000000711bb7e18}> (0x0000000711bb7e18) 
thrown [./open/src/hotspot/share/interpreter/linkResolver.cpp, line 1374]

Events (20 events):
Event: 0.098 loading class sun/util/resources/Bundles$2 done
Event: 0.098 loading class java/lang/InstantiationException
Event: 0.098 loading class java/lang/InstantiationException done
Event: 0.098 loading class java/lang/IllegalAccessException
Event: 0.098 loading class java/lang/IllegalAccessException done
Event: 0.099 loading class java/lang/InternalError
Event: 0.099 loading class java/lang/InternalError done
Event: 0.102 loading class java/util/Formatter$FixedString
Event: 0.102 loading class java/util/Formatter$FixedString done
Event: 0.104 loading class java/io/FilePermission$1
Event: 0.104 loading class jdk/internal/access/JavaIOFilePermissionAccess
Event: 0.104 loading class jdk/internal/access/JavaIOFilePermissionAccess done
Event: 0.104 loading class java/io/FilePermission$1 done
Event: 0.107 loading class java/io/FileOutputStream$1
Event: 0.107 loading class java/io/FileOutputStream$1 done
Event: 0.110 loading class java/io/DeleteOnExitHook
Event: 0.110 loading class java/io/DeleteOnExitHook done
Event: 0.110 loading class java/io/DeleteOnExitHook$1
Event: 0.110 loading class java/io/DeleteOnExitHook$1 done
Event: 0.134 Loaded shared library C:\Users\Vitalik\AppData\Local\Temp\jansi-2.1.0-63b57d029be2e49b-jansi.dll


Dynamic libraries:
0x00007ff60cb40000 - 0x00007ff60cb4f000 	C:\Program Files\Java\jdk-15.0.1\bin\javaw.exe
0x00007ffff80d0000 - 0x00007ffff82c5000 	C:\Windows\SYSTEM32\ntdll.dll
0x00007ffff7dc0000 - 0x00007ffff7e7d000 	C:\Windows\System32\KERNEL32.DLL
0x00007ffff5d60000 - 0x00007ffff6028000 	C:\Windows\System32\KERNELBASE.dll
0x00007ffff5bd0000 - 0x00007ffff5cd0000 	C:\Windows\System32\ucrtbase.dll
0x00007fffedc90000 - 0x00007fffedca8000 	C:\Program Files\Java\jdk-15.0.1\bin\jli.dll
0x00007ffff7500000 - 0x00007ffff75ac000 	C:\Windows\System32\ADVAPI32.dll
0x00007ffff68d0000 - 0x00007ffff696e000 	C:\Windows\System32\msvcrt.dll
0x00007ffff6780000 - 0x00007ffff681b000 	C:\Windows\System32\sechost.dll
0x00007ffff6cb0000 - 0x00007ffff6ddb000 	C:\Windows\System32\RPCRT4.dll
0x00007ffff6970000 - 0x00007ffff6b10000 	C:\Windows\System32\USER32.dll
0x00007ffff60b0000 - 0x00007ffff60d2000 	C:\Windows\System32\win32u.dll
0x00007ffff6820000 - 0x00007ffff684a000 	C:\Windows\System32\GDI32.dll
0x00007ffff5a10000 - 0x00007ffff5b1b000 	C:\Windows\System32\gdi32full.dll
0x00007ffff5810000 - 0x00007ffff58ad000 	C:\Windows\System32\msvcp_win.dll
0x00007fffe22a0000 - 0x00007fffe22b9000 	C:\Program Files\Java\jdk-15.0.1\bin\VCRUNTIME140.dll
0x00007fffdefc0000 - 0x00007fffdf25a000 	C:\Windows\WinSxS\amd64_microsoft.windows.common-controls_6595b64144ccf1df_6.0.19041.1052_none_60b8f8fd71f5e8cb\COMCTL32.dll
0x00007fffec6c0000 - 0x00007fffec6ca000 	C:\Windows\SYSTEM32\VERSION.dll
0x00007ffff7fb0000 - 0x00007ffff7fe0000 	C:\Windows\System32\IMM32.DLL
0x00007ffff7670000 - 0x00007ffff7daf000 	C:\Windows\System32\SHELL32.dll
0x00007ffff7090000 - 0x00007ffff73e5000 	C:\Windows\System32\combase.dll
0x00007ffff7610000 - 0x00007ffff7665000 	C:\Windows\System32\SHLWAPI.dll
0x00007ffff4550000 - 0x00007ffff4583000 	C:\Windows\SYSTEM32\ntmarta.dll
0x00007ffff56d0000 - 0x00007ffff5701000 	C:\Windows\SYSTEM32\SspiCli.dll
0x00007ffff3940000 - 0x00007ffff40d0000 	C:\Windows\SYSTEM32\windows.storage.dll
0x00007ffff5280000 - 0x00007ffff52ac000 	C:\Windows\SYSTEM32\Wldp.dll
0x00007ffff7fe0000 - 0x00007ffff808e000 	C:\Windows\System32\SHCORE.dll
0x00007ffff0750000 - 0x00007ffff075c000 	C:\Program Files\Java\jdk-15.0.1\bin\vcruntime140_1.dll
0x00007fffcaf30000 - 0x00007fffcafc1000 	C:\Program Files\Java\jdk-15.0.1\bin\msvcp140.dll
0x00007fff704f0000 - 0x00007fff7104e000 	C:\Program Files\Java\jdk-15.0.1\bin\server\jvm.dll
0x00007ffff7450000 - 0x00007ffff7458000 	C:\Windows\System32\PSAPI.DLL
0x00007ffff06d0000 - 0x00007ffff06d9000 	C:\Windows\SYSTEM32\WSOCK32.dll
0x00007ffff6c40000 - 0x00007ffff6cab000 	C:\Windows\System32\WS2_32.dll
0x00007fffe20d0000 - 0x00007fffe20f7000 	C:\Windows\SYSTEM32\WINMM.dll
0x00007ffff40e0000 - 0x00007ffff40f2000 	C:\Windows\SYSTEM32\kernel.appcore.dll
0x00007fffe2060000 - 0x00007fffe206a000 	C:\Program Files\Java\jdk-15.0.1\bin\jimage.dll
0x00007ffff3510000 - 0x00007ffff36f4000 	C:\Windows\SYSTEM32\DBGHELP.DLL
0x00007fffd96c0000 - 0x00007fffd96ec000 	C:\Windows\SYSTEM32\dbgcore.DLL
0x00007ffff5cd0000 - 0x00007ffff5d53000 	C:\Windows\System32\bcryptPrimitives.dll
0x00007fffe1fb0000 - 0x00007fffe1fd5000 	C:\Program Files\Java\jdk-15.0.1\bin\java.dll
0x00007ffff5750000 - 0x00007ffff576f000 	C:\Windows\SYSTEM32\profapi.dll
0x00007fffe1f10000 - 0x00007fffe1f29000 	C:\Program Files\Java\jdk-15.0.1\bin\net.dll
0x00007fffe47c0000 - 0x00007fffe48cb000 	C:\Windows\SYSTEM32\WINHTTP.dll
0x00007ffff4ff0000 - 0x00007ffff505a000 	C:\Windows\system32\mswsock.dll
0x00007fffd2a10000 - 0x00007fffd2a22000 	C:\Program Files\Java\jdk-15.0.1\bin\nio.dll
0x00007fffce0a0000 - 0x00007fffce0b8000 	C:\Program Files\Java\jdk-15.0.1\bin\zip.dll
0x0000000069ac0000 - 0x0000000069b1b000 	C:\Users\Vitalik\AppData\Local\Temp\jansi-2.1.0-63b57d029be2e49b-jansi.dll

dbghelp: loaded successfully - version: 4.0.5 - missing functions: none
symbol engine: initialized successfully - sym options: 0x614 - pdb path: .;C:\Program Files\Java\jdk-15.0.1\bin;C:\Windows\SYSTEM32;C:\Windows\WinSxS\amd64_microsoft.windows.common-controls_6595b64144ccf1df_6.0.19041.1052_none_60b8f8fd71f5e8cb;C:\Program Files\Java\jdk-15.0.1\bin\server;C:\Users\Vitalik\AppData\Local\Temp

VM Arguments:
java_command: D:\Учоба\КН-31,Модуль1,Василиха Віталій,\Console BlackJeck\dist\Console_BlackJeck.jar
java_class_path (initial): D:\Учоба\КН-31,Модуль1,Василиха Віталій,\Console BlackJeck\dist\Console_BlackJeck.jar
Launcher Type: SUN_STANDARD

[Global flags]
     intx CICompilerCount                          = 4                                         {product} {ergonomic}
     uint ConcGCThreads                            = 2                                         {product} {ergonomic}
     uint G1ConcRefinementThreads                  = 8                                         {product} {ergonomic}
   size_t G1HeapRegionSize                         = 2097152                                   {product} {ergonomic}
    uintx GCDrainStackTargetSize                   = 64                                        {product} {ergonomic}
   size_t InitialHeapSize                          = 268435456                                 {product} {ergonomic}
   size_t MarkStackSize                            = 4194304                                   {product} {ergonomic}
   size_t MaxHeapSize                              = 4265607168                                {product} {ergonomic}
   size_t MaxNewSize                               = 2558525440                                {product} {ergonomic}
   size_t MinHeapDeltaBytes                        = 2097152                                   {product} {ergonomic}
   size_t MinHeapSize                              = 8388608                                   {product} {ergonomic}
    uintx NonNMethodCodeHeapSize                   = 5839372                                {pd product} {ergonomic}
    uintx NonProfiledCodeHeapSize                  = 122909434                              {pd product} {ergonomic}
    uintx ProfiledCodeHeapSize                     = 122909434                              {pd product} {ergonomic}
    uintx ReservedCodeCacheSize                    = 251658240                              {pd product} {ergonomic}
     bool SegmentedCodeCache                       = true                                      {product} {ergonomic}
   size_t SoftMaxHeapSize                          = 4265607168                             {manageable} {ergonomic}
     bool UseCompressedClassPointers               = true                                 {lp64_product} {ergonomic}
     bool UseCompressedOops                        = true                                 {lp64_product} {ergonomic}
     bool UseG1GC                                  = true                                      {product} {ergonomic}
     bool UseLargePagesIndividualAllocation        = false                                  {pd product} {ergonomic}

Logging:
Log output configuration:
 #0: stdout all=warning uptime,level,tags
 #1: stderr all=off uptime,level,tags

Environment Variables:
JAVA_HOME=C: \ Program Files \ Java \ jdk-15.0.1
PATH=C:\Program Files\Common Files\Oracle\Java\javapath;C:\Windows\system32;C:\Windows;C:\Windows\System32\Wbem;C:\Windows\System32\WindowsPowerShell\v1.0\;C:\Windows\System32\OpenSSH\;C:\Program Files\NVIDIA Corporation\NVIDIA NvDLISR;C:\Program Files (x86)\NVIDIA Corporation\PhysX\Common;C: \ Program Files \ Java \ jdk-15.0.1\bin;C:\Program Files\Soft\Git\Git\cmd;C:\Users\Vitalik\AppData\Local\Microsoft\WindowsApps;C:\Users\Vitalik\AppData\Local\Programs\Microsoft VS Code\bin
USERNAME=Vitalik
OS=Windows_NT
PROCESSOR_IDENTIFIER=Intel64 Family 6 Model 158 Stepping 10, GenuineIntel



---------------  S Y S T E M  ---------------

OS:
 Windows 10 , 64 bit Build 19041 (10.0.19041.1023)
OS uptime: 0 days 10:33 hours

CPU: total 8 (initial active 8) (4 cores per cpu, 2 threads per core) family 6 model 158 stepping 10 microcode 0xde, cmov, cx8, fxsr, mmx, sse, sse2, sse3, ssse3, sse4.1, sse4.2, popcnt, vzeroupper, avx, avx2, aes, clmul, erms, 3dnowpref, lzcnt, ht, tsc, tscinvbit, bmi1, bmi2, adx, fma, clflush, clflushopt

Memory: 4k page, system-wide physical 16264M (10689M free)
TotalPageFile size 19848M (AvailPageFile size 9122M)
current process WorkingSet (physical memory assigned to process): 35M, peak: 35M
current process commit charge ("private bytes"): 348M, peak: 348M

vm_info: Java HotSpot(TM) 64-Bit Server VM (15.0.1+9-18) for windows-amd64 JRE (15.0.1+9-18), built on Sep 15 2020 14:43:54 by "mach5one" with unknown MS VC++:1925

END.
